2025-01-12 17:36:41,026 P97113 INFO FuxiCTR version: 2.3.6
2025-01-12 17:36:41,026 P97113 INFO Params: {
    "batch_size": "4096",
    "data_format": "csv",
    "data_root": "../../data/Frappe/",
    "dataset_id": "frappe_x1_47e6e0df",
    "debug_mode": "False",
    "early_stop_patience": "2",
    "embedding_dim": "10",
    "embedding_regularizer": "0.05",
    "epochs": "100",
    "eval_interval": "1",
    "feature_cols": "[{'active': True, 'dtype': 'float', 'name': ['user', 'item', 'daytime', 'weekday', 'isweekend', 'homework', 'cost', 'weather', 'country', 'city'], 'type': 'categorical'}]",
    "feature_specs": "None",
    "fs1_context": "['user']",
    "fs2_context": "['item']",
    "fs_hidden_units": "[400]",
    "gpu": "0",
    "group_id": "None",
    "label_col": "{'dtype': 'float', 'name': 'label'}",
    "learning_rate": "0.001",
    "loss": "binary_crossentropy",
    "metrics": "['AUC', 'logloss']",
    "min_categr_count": "1",
    "mlp1_batch_norm": "True",
    "mlp1_dropout": "0.4",
    "mlp1_hidden_activations": "relu",
    "mlp1_hidden_units": "[400]",
    "mlp2_batch_norm": "True",
    "mlp2_dropout": "0.4",
    "mlp2_hidden_activations": "relu",
    "mlp2_hidden_units": "[100]",
    "model": "FinalMLP",
    "model_id": "FinalMLP_frappe_x1_004_e1ab402f",
    "model_root": "./checkpoints/FinalMLP_frappe_x1/",
    "monitor": "AUC",
    "monitor_mode": "max",
    "net_regularizer": "0",
    "num_heads": "5",
    "num_workers": "3",
    "optimizer": "adam",
    "ordered_features": "None",
    "pickle_feature_encoder": "True",
    "save_best_only": "True",
    "seed": "2021",
    "shuffle": "True",
    "task": "binary_classification",
    "test_data": "../../data/Frappe/Frappe_x1/test.csv",
    "train_data": "../../data/Frappe/Frappe_x1/train.csv",
    "use_fs": "True",
    "valid_data": "../../data/Frappe/Frappe_x1/valid.csv",
    "verbose": "1"
}
2025-01-12 17:36:41,027 P97113 INFO Set up feature processor...
2025-01-12 17:36:41,028 P97113 WARNING Skip rebuilding ../../data/Frappe/frappe_x1_47e6e0df/feature_map.json. Please delete it manually if rebuilding is required.
2025-01-12 17:36:41,028 P97113 INFO Load feature_map from json: ../../data/Frappe/frappe_x1_47e6e0df/feature_map.json
2025-01-12 17:36:41,028 P97113 INFO Set column index...
2025-01-12 17:36:41,028 P97113 INFO Feature specs: {
    "city": "{'source': '', 'type': 'categorical', 'padding_idx': 0, 'vocab_size': 235}",
    "cost": "{'source': '', 'type': 'categorical', 'padding_idx': 0, 'vocab_size': 4}",
    "country": "{'source': '', 'type': 'categorical', 'padding_idx': 0, 'vocab_size': 82}",
    "daytime": "{'source': '', 'type': 'categorical', 'padding_idx': 0, 'vocab_size': 9}",
    "homework": "{'source': '', 'type': 'categorical', 'padding_idx': 0, 'vocab_size': 5}",
    "isweekend": "{'source': '', 'type': 'categorical', 'padding_idx': 0, 'vocab_size': 4}",
    "item": "{'source': '', 'type': 'categorical', 'padding_idx': 0, 'vocab_size': 4084}",
    "user": "{'source': '', 'type': 'categorical', 'padding_idx': 0, 'vocab_size': 956}",
    "weather": "{'source': '', 'type': 'categorical', 'padding_idx': 0, 'vocab_size': 11}",
    "weekday": "{'source': '', 'type': 'categorical', 'padding_idx': 0, 'vocab_size': 9}"
}
2025-01-12 17:36:41,521 P97113 INFO Total number of parameters: 212692.
2025-01-12 17:36:41,521 P97113 INFO Loading datasets...
2025-01-12 17:36:41,572 P97113 INFO Train samples: total/202027, blocks/1
2025-01-12 17:36:41,577 P97113 INFO Validation samples: total/57722, blocks/1
2025-01-12 17:36:41,577 P97113 INFO Loading train and validation data done.
2025-01-12 17:36:41,577 P97113 INFO Start training: 50 batches/epoch
2025-01-12 17:36:41,577 P97113 INFO ************ Epoch=1 start ************
./FinalMLP_frappe_x1_tuner_config_16/
  0%|          | 0/50 [00:00<?, ?it/s]  0%|          | 0/50 [00:19<?, ?it/s]
Traceback (most recent call last):
  File "/Users/aysenilozdemir/Downloads/FuxiCTR-main/model_zoo/FinalMLP/run_expid.py", line 69, in <module>
    model.fit(train_gen, validation_data=valid_gen, **params)
  File "/Users/aysenilozdemir/Downloads/FuxiCTR-main/.venv/lib/python3.11/site-packages/fuxictr/pytorch/models/rank_model.py", line 158, in fit
    self.train_epoch(data_generator)
  File "/Users/aysenilozdemir/Downloads/FuxiCTR-main/.venv/lib/python3.11/site-packages/fuxictr/pytorch/models/rank_model.py", line 216, in train_epoch
    loss = self.train_step(batch_data)
           ^^^^^^^^^^^^^^^^^^^^^^^^^^^
  File "/Users/aysenilozdemir/Downloads/FuxiCTR-main/.venv/lib/python3.11/site-packages/fuxictr/pytorch/models/rank_model.py", line 197, in train_step
    return_dict = self.forward(batch_data)
                  ^^^^^^^^^^^^^^^^^^^^^^^^
  File "/Users/aysenilozdemir/Downloads/FuxiCTR-main/model_zoo/FinalMLP/src/FinalMLP.py", line 98, in forward
    y_pred = self.fusion_module(self.mlp1(X, feat1), self.mlp2(X, feat2))
             ^^^^^^^^^^^^^^^^^^^^^^^^^^^^^^^^^^^^^^^^^^^^^^^^^^^^^^^^^^^^
  File "/Users/aysenilozdemir/Downloads/FuxiCTR-main/.venv/lib/python3.11/site-packages/torch/nn/modules/module.py", line 1736, in _wrapped_call_impl
    return self._call_impl(*args, **kwargs)
           ^^^^^^^^^^^^^^^^^^^^^^^^^^^^^^^^
  File "/Users/aysenilozdemir/Downloads/FuxiCTR-main/.venv/lib/python3.11/site-packages/torch/nn/modules/module.py", line 1747, in _call_impl
    return forward_call(*args, **kwargs)
           ^^^^^^^^^^^^^^^^^^^^^^^^^^^^^
  File "/Users/aysenilozdemir/Downloads/FuxiCTR-main/model_zoo/FinalMLP/src/FinalMLP.py", line 168, in forward
    output = self.w_x(x) + self.w_y(y)
             ^^^^^^^^^^^
  File "/Users/aysenilozdemir/Downloads/FuxiCTR-main/.venv/lib/python3.11/site-packages/torch/nn/modules/module.py", line 1736, in _wrapped_call_impl
    return self._call_impl(*args, **kwargs)
           ^^^^^^^^^^^^^^^^^^^^^^^^^^^^^^^^
  File "/Users/aysenilozdemir/Downloads/FuxiCTR-main/.venv/lib/python3.11/site-packages/torch/nn/modules/module.py", line 1747, in _call_impl
    return forward_call(*args, **kwargs)
           ^^^^^^^^^^^^^^^^^^^^^^^^^^^^^
  File "/Users/aysenilozdemir/Downloads/FuxiCTR-main/.venv/lib/python3.11/site-packages/torch/nn/modules/linear.py", line 125, in forward
    return F.linear(input, self.weight, self.bias)
           ^^^^^^^^^^^^^^^^^^^^^^^^^^^^^^^^^^^^^^^
RuntimeError: mat1 and mat2 shapes cannot be multiplied (4096x1 and 400x1)
